CoreGen has not been configured with any user repositories.
CoreGen has been configured with the following Xilinx repositories:
 - 'C:\Xilinx\13.2\ISE_DS\ISE\coregen\' [reloaded]
INFO:sim - Generating component instance 'frame_mem' of
   'xilinx.com:ip:blk_mem_gen:6.2' from
   'C:\Xilinx\13.2\ISE_DS\ISE\coregen\ip\xilinx\primary\com\xilinx\ip\blk_mem_ge
   n_v6_2\component.xml'.
ERROR:sim - min_area_algorithm: For the configured RAM size, the number of block
ERROR:sim -    RAMs used exceeds the maximum number of 18KB block RAMs in the
   chosen
ERROR:sim -    architecture
ERROR:sim - min_area_algorithm: For the configured RAM size, the number of block
ERROR:sim -    RAMs used exceeds the maximum number of 18KB block RAMs in the
   chosen
ERROR:sim -    architecture
ERROR:sim - min_area_algorithm: For the configured RAM size, the number of block
ERROR:sim -    RAMs used exceeds the maximum number of 18KB block RAMs in the
   chosen
ERROR:sim -    architecture
ERROR:sim - min_area_algorithm: For the configured RAM size, the number of block
ERROR:sim -    RAMs used exceeds the maximum number of 18KB block RAMs in the
   chosen
ERROR:sim -    architecture
ERROR:sim - min_area_algorithm: For the configured RAM size, the number of block
ERROR:sim -    RAMs used exceeds the maximum number of 18KB block RAMs in the
   chosen
ERROR:sim -    architecture
ERROR:sim - min_area_algorithm: For the configured RAM size, the number of block
ERROR:sim -    RAMs used exceeds the maximum number of 18KB block RAMs in the
   chosen
ERROR:sim -    architecture
ERROR:sim - min_area_algorithm: For the configured RAM size, the number of block
ERROR:sim -    RAMs used exceeds the maximum number of 18KB block RAMs in the
   chosen
ERROR:sim -    architecture
ERROR:sim - min_area_algorithm: For the configured RAM size, the number of block
ERROR:sim -    RAMs used exceeds the maximum number of 18KB block RAMs in the
   chosen
ERROR:sim -    architecture
ERROR:sim - min_area_algorithm: For the configured RAM size, the number of block
ERROR:sim -    RAMs used exceeds the maximum number of 18KB block RAMs in the
   chosen
ERROR:sim -    architecture
ERROR:sim - min_area_algorithm: For the configured RAM size, the number of block
ERROR:sim -    RAMs used exceeds the maximum number of 18KB block RAMs in the
   chosen
ERROR:sim -    architecture
ERROR:sim - min_area_algorithm: For the configured RAM size, the number of block
ERROR:sim -    RAMs used exceeds the maximum number of 18KB block RAMs in the
   chosen
ERROR:sim -    architecture
ERROR:sim - min_area_algorithm: For the configured RAM size, the number of block
ERROR:sim -    RAMs used exceeds the maximum number of 18KB block RAMs in the
   chosen
ERROR:sim -    architecture
ERROR:sim - min_area_algorithm: For the configured RAM size, the number of block
ERROR:sim -    RAMs used exceeds the maximum number of 18KB block RAMs in the
   chosen
ERROR:sim -    architecture
ERROR:sim - min_area_algorithm: For the configured RAM size, the number of block
ERROR:sim -    RAMs used exceeds the maximum number of 18KB block RAMs in the
   chosen
ERROR:sim -    architecture
Resolving generics for 'frame_mem'...
Applying external generics to 'frame_mem'...
Delivering associated files for 'frame_mem'...
Delivering EJava files for 'frame_mem'...
Generating implementation netlist for 'frame_mem'...
INFO:sim - Pre-processing HDL files for 'frame_mem'...
Running synthesis for 'frame_mem'
Writing VHO instantiation template for 'frame_mem'...
Writing VHDL behavioral simulation model for 'frame_mem'...
Generating ASY schematic symbol...
Generating SYM schematic symbol for 'frame_mem'...
Generating metadata file...
Generating metadata file...
Generating ISE project...
Generating README file...
Generating FLIST file...
INFO:sim - Finished FLIST file generation.
Launching README viewer...
Moving files to output directory...
Finished moving files to output directory
Wrote CGP file for project 'frame_mem'.
